<?xml version="1.0" encoding="UTF-8"?>
<testsuite xmlns:xsi="http://www.w3.org/2001/XMLSchema-instance" xsi:noNamespaceSchemaLocation="https://maven.apache.org/surefire/maven-surefire-plugin/xsd/surefire-test-report.xsd" name="com.example.docs.SwaggerSetupTest" time="0.505" tests="1" errors="0" skipped="0" failures="0">
  <properties>
    <property name="sun.desktop" value="windows"/>
    <property name="awt.toolkit" value="sun.awt.windows.WToolkit"/>
    <property name="java.specification.version" value="1.8"/>
    <property name="file.encoding.pkg" value="sun.io"/>
    <property name="sun.cpu.isalist" value="amd64"/>
    <property name="sun.jnu.encoding" value="Cp1252"/>
    <property name="java.class.path" value="C:\work\projects\opensource\springboot-restdoc-swagger\target\test-classes;C:\work\projects\opensource\springboot-restdoc-swagger\target\classes;C:\Users\melissa.palmer\.m2\repository\org\springframework\boot\spring-boot-starter-web\2.0.2.RELEASE\spring-boot-starter-web-2.0.2.RELEASE.jar;C:\Users\melissa.palmer\.m2\repository\org\springframework\boot\spring-boot-starter\2.0.2.RELEASE\spring-boot-starter-2.0.2.RELEASE.jar;C:\Users\melissa.palmer\.m2\repository\org\springframework\boot\spring-boot\2.0.2.RELEASE\spring-boot-2.0.2.RELEASE.jar;C:\Users\melissa.palmer\.m2\repository\org\springframework\boot\spring-boot-autoconfigure\2.0.2.RELEASE\spring-boot-autoconfigure-2.0.2.RELEASE.jar;C:\Users\melissa.palmer\.m2\repository\org\springframework\boot\spring-boot-starter-logging\2.0.2.RELEASE\spring-boot-starter-logging-2.0.2.RELEASE.jar;C:\Users\melissa.palmer\.m2\repository\ch\qos\logback\logback-classic\1.2.3\logback-classic-1.2.3.jar;C:\Users\melissa.palmer\.m2\repository\ch\qos\logback\logback-core\1.2.3\logback-core-1.2.3.jar;C:\Users\melissa.palmer\.m2\repository\org\apache\logging\log4j\log4j-to-slf4j\2.10.0\log4j-to-slf4j-2.10.0.jar;C:\Users\melissa.palmer\.m2\repository\org\apache\logging\log4j\log4j-api\2.10.0\log4j-api-2.10.0.jar;C:\Users\melissa.palmer\.m2\repository\org\slf4j\jul-to-slf4j\1.7.25\jul-to-slf4j-1.7.25.jar;C:\Users\melissa.palmer\.m2\repository\javax\annotation\javax.annotation-api\1.3.2\javax.annotation-api-1.3.2.jar;C:\Users\melissa.palmer\.m2\repository\org\yaml\snakeyaml\1.19\snakeyaml-1.19.jar;C:\Users\melissa.palmer\.m2\repository\org\springframework\boot\spring-boot-starter-json\2.0.2.RELEASE\spring-boot-starter-json-2.0.2.RELEASE.jar;C:\Users\melissa.palmer\.m2\repository\com\fasterxml\jackson\datatype\jackson-datatype-jdk8\2.9.5\jackson-datatype-jdk8-2.9.5.jar;C:\Users\melissa.palmer\.m2\repository\com\fasterxml\jackson\datatype\jackson-datatype-jsr310\2.9.5\jackson-datatype-jsr310-2.9.5.jar;C:\Users\melissa.palmer\.m2\repository\com\fasterxml\jackson\module\jackson-module-parameter-names\2.9.5\jackson-module-parameter-names-2.9.5.jar;C:\Users\melissa.palmer\.m2\repository\org\springframework\boot\spring-boot-starter-tomcat\2.0.2.RELEASE\spring-boot-starter-tomcat-2.0.2.RELEASE.jar;C:\Users\melissa.palmer\.m2\repository\org\apache\tomcat\embed\tomcat-embed-core\8.5.31\tomcat-embed-core-8.5.31.jar;C:\Users\melissa.palmer\.m2\repository\org\apache\tomcat\embed\tomcat-embed-el\8.5.31\tomcat-embed-el-8.5.31.jar;C:\Users\melissa.palmer\.m2\repository\org\apache\tomcat\embed\tomcat-embed-websocket\8.5.31\tomcat-embed-websocket-8.5.31.jar;C:\Users\melissa.palmer\.m2\repository\org\hibernate\validator\hibernate-validator\6.0.9.Final\hibernate-validator-6.0.9.Final.jar;C:\Users\melissa.palmer\.m2\repository\javax\validation\validation-api\2.0.1.Final\validation-api-2.0.1.Final.jar;C:\Users\melissa.palmer\.m2\repository\org\jboss\logging\jboss-logging\3.3.2.Final\jboss-logging-3.3.2.Final.jar;C:\Users\melissa.palmer\.m2\repository\org\springframework\spring-web\5.0.6.RELEASE\spring-web-5.0.6.RELEASE.jar;C:\Users\melissa.palmer\.m2\repository\org\springframework\spring-beans\5.0.6.RELEASE\spring-beans-5.0.6.RELEASE.jar;C:\Users\melissa.palmer\.m2\repository\org\springframework\spring-webmvc\5.0.6.RELEASE\spring-webmvc-5.0.6.RELEASE.jar;C:\Users\melissa.palmer\.m2\repository\org\springframework\spring-aop\5.0.6.RELEASE\spring-aop-5.0.6.RELEASE.jar;C:\Users\melissa.palmer\.m2\repository\org\springframework\spring-context\5.0.6.RELEASE\spring-context-5.0.6.RELEASE.jar;C:\Users\melissa.palmer\.m2\repository\org\springframework\spring-expression\5.0.6.RELEASE\spring-expression-5.0.6.RELEASE.jar;C:\Users\melissa.palmer\.m2\repository\io\springfox\springfox-swagger2\2.8.0\springfox-swagger2-2.8.0.jar;C:\Users\melissa.palmer\.m2\repository\io\swagger\swagger-annotations\1.5.14\swagger-annotations-1.5.14.jar;C:\Users\melissa.palmer\.m2\repository\io\swagger\swagger-models\1.5.14\swagger-models-1.5.14.jar;C:\Users\melissa.palmer\.m2\repository\com\fasterxml\jackson\core\jackson-annotations\2.9.0\jackson-annotations-2.9.0.jar;C:\Users\melissa.palmer\.m2\repository\io\springfox\springfox-spi\2.8.0\springfox-spi-2.8.0.jar;C:\Users\melissa.palmer\.m2\repository\io\springfox\springfox-core\2.8.0\springfox-core-2.8.0.jar;C:\Users\melissa.palmer\.m2\repository\io\springfox\springfox-schema\2.8.0\springfox-schema-2.8.0.jar;C:\Users\melissa.palmer\.m2\repository\io\springfox\springfox-swagger-common\2.8.0\springfox-swagger-common-2.8.0.jar;C:\Users\melissa.palmer\.m2\repository\io\springfox\springfox-spring-web\2.8.0\springfox-spring-web-2.8.0.jar;C:\Users\melissa.palmer\.m2\repository\org\reflections\reflections\0.9.11\reflections-0.9.11.jar;C:\Users\melissa.palmer\.m2\repository\org\javassist\javassist\3.21.0-GA\javassist-3.21.0-GA.jar;C:\Users\melissa.palmer\.m2\repository\com\google\guava\guava\20.0\guava-20.0.jar;C:\Users\melissa.palmer\.m2\repository\com\fasterxml\classmate\1.3.4\classmate-1.3.4.jar;C:\Users\melissa.palmer\.m2\repository\org\slf4j\slf4j-api\1.7.25\slf4j-api-1.7.25.jar;C:\Users\melissa.palmer\.m2\repository\org\springframework\plugin\spring-plugin-core\1.2.0.RELEASE\spring-plugin-core-1.2.0.RELEASE.jar;C:\Users\melissa.palmer\.m2\repository\org\springframework\plugin\spring-plugin-metadata\1.2.0.RELEASE\spring-plugin-metadata-1.2.0.RELEASE.jar;C:\Users\melissa.palmer\.m2\repository\org\mapstruct\mapstruct\1.2.0.Final\mapstruct-1.2.0.Final.jar;C:\Users\melissa.palmer\.m2\repository\io\springfox\springfox-swagger-ui\2.8.0\springfox-swagger-ui-2.8.0.jar;C:\Users\melissa.palmer\.m2\repository\io\springfox\springfox-bean-validators\2.8.0\springfox-bean-validators-2.8.0.jar;C:\Users\melissa.palmer\.m2\repository\org\webjars\swagger-ui\3.10.0\swagger-ui-3.10.0.jar;C:\Users\melissa.palmer\.m2\repository\org\webjars\bower\swagger-ui-themes\3.0.0\swagger-ui-themes-3.0.0.jar;C:\Users\melissa.palmer\.m2\repository\org\springframework\boot\spring-boot-starter-test\2.0.2.RELEASE\spring-boot-starter-test-2.0.2.RELEASE.jar;C:\Users\melissa.palmer\.m2\repository\org\springframework\boot\spring-boot-test\2.0.2.RELEASE\spring-boot-test-2.0.2.RELEASE.jar;C:\Users\melissa.palmer\.m2\repository\org\springframework\boot\spring-boot-test-autoconfigure\2.0.2.RELEASE\spring-boot-test-autoconfigure-2.0.2.RELEASE.jar;C:\Users\melissa.palmer\.m2\repository\com\jayway\jsonpath\json-path\2.4.0\json-path-2.4.0.jar;C:\Users\melissa.palmer\.m2\repository\net\minidev\json-smart\2.3\json-smart-2.3.jar;C:\Users\melissa.palmer\.m2\repository\net\minidev\accessors-smart\1.2\accessors-smart-1.2.jar;C:\Users\melissa.palmer\.m2\repository\org\ow2\asm\asm\5.0.4\asm-5.0.4.jar;C:\Users\melissa.palmer\.m2\repository\junit\junit\4.12\junit-4.12.jar;C:\Users\melissa.palmer\.m2\repository\org\assertj\assertj-core\3.9.1\assertj-core-3.9.1.jar;C:\Users\melissa.palmer\.m2\repository\org\mockito\mockito-core\2.15.0\mockito-core-2.15.0.jar;C:\Users\melissa.palmer\.m2\repository\net\bytebuddy\byte-buddy\1.7.11\byte-buddy-1.7.11.jar;C:\Users\melissa.palmer\.m2\repository\net\bytebuddy\byte-buddy-agent\1.7.11\byte-buddy-agent-1.7.11.jar;C:\Users\melissa.palmer\.m2\repository\org\objenesis\objenesis\2.6\objenesis-2.6.jar;C:\Users\melissa.palmer\.m2\repository\org\hamcrest\hamcrest-core\1.3\hamcrest-core-1.3.jar;C:\Users\melissa.palmer\.m2\repository\org\hamcrest\hamcrest-library\1.3\hamcrest-library-1.3.jar;C:\Users\melissa.palmer\.m2\repository\org\skyscreamer\jsonassert\1.5.0\jsonassert-1.5.0.jar;C:\Users\melissa.palmer\.m2\repository\com\vaadin\external\google\android-json\0.0.20131108.vaadin1\android-json-0.0.20131108.vaadin1.jar;C:\Users\melissa.palmer\.m2\repository\org\springframework\spring-core\5.0.6.RELEASE\spring-core-5.0.6.RELEASE.jar;C:\Users\melissa.palmer\.m2\repository\org\springframework\spring-jcl\5.0.6.RELEASE\spring-jcl-5.0.6.RELEASE.jar;C:\Users\melissa.palmer\.m2\repository\org\springframework\spring-test\5.0.6.RELEASE\spring-test-5.0.6.RELEASE.jar;C:\Users\melissa.palmer\.m2\repository\org\xmlunit\xmlunit-core\2.5.1\xmlunit-core-2.5.1.jar;C:\Users\melissa.palmer\.m2\repository\org\springframework\restdocs\spring-restdocs-mockmvc\2.0.1.RELEASE\spring-restdocs-mockmvc-2.0.1.RELEASE.jar;C:\Users\melissa.palmer\.m2\repository\javax\servlet\javax.servlet-api\3.1.0\javax.servlet-api-3.1.0.jar;C:\Users\melissa.palmer\.m2\repository\org\springframework\restdocs\spring-restdocs-core\2.0.1.RELEASE\spring-restdocs-core-2.0.1.RELEASE.jar;C:\Users\melissa.palmer\.m2\repository\io\springfox\springfox-staticdocs\2.6.1\springfox-staticdocs-2.6.1.jar;C:\Users\melissa.palmer\.m2\repository\io\github\robwin\swagger2markup\0.9.2\swagger2markup-0.9.2.jar;C:\Users\melissa.palmer\.m2\repository\io\github\robwin\markup-document-builder\0.1.5\markup-document-builder-0.1.5.jar;C:\Users\melissa.palmer\.m2\repository\io\swagger\swagger-compat-spec-parser\1.0.13\swagger-compat-spec-parser-1.0.13.jar;C:\Users\melissa.palmer\.m2\repository\io\swagger\swagger-core\1.5.4\swagger-core-1.5.4.jar;C:\Users\melissa.palmer\.m2\repository\com\fasterxml\jackson\datatype\jackson-datatype-joda\2.9.5\jackson-datatype-joda-2.9.5.jar;C:\Users\melissa.palmer\.m2\repository\com\fasterxml\jackson\dataformat\jackson-dataformat-yaml\2.9.5\jackson-dataformat-yaml-2.9.5.jar;C:\Users\melissa.palmer\.m2\repository\io\swagger\swagger-parser\1.0.13\swagger-parser-1.0.13.jar;C:\Users\melissa.palmer\.m2\repository\org\slf4j\slf4j-ext\1.7.25\slf4j-ext-1.7.25.jar;C:\Users\melissa.palmer\.m2\repository\com\github\fge\json-schema-validator\2.2.3\json-schema-validator-2.2.3.jar;C:\Users\melissa.palmer\.m2\repository\joda-time\joda-time\2.9.9\joda-time-2.9.9.jar;C:\Users\melissa.palmer\.m2\repository\com\github\fge\json-schema-core\1.2.1\json-schema-core-1.2.1.jar;C:\Users\melissa.palmer\.m2\repository\com\github\fge\uri-template\0.9\uri-template-0.9.jar;C:\Users\melissa.palmer\.m2\repository\org\mozilla\rhino\1.7R4\rhino-1.7R4.jar;C:\Users\melissa.palmer\.m2\repository\com\googlecode\libphonenumber\libphonenumber\6.0\libphonenumber-6.0.jar;C:\Users\melissa.palmer\.m2\repository\javax\mail\mailapi\1.4.3\mailapi-1.4.3.jar;C:\Users\melissa.palmer\.m2\repository\javax\activation\activation\1.1\activation-1.1.jar;C:\Users\melissa.palmer\.m2\repository\com\google\code\findbugs\jsr305\2.0.1\jsr305-2.0.1.jar;C:\Users\melissa.palmer\.m2\repository\net\sf\jopt-simple\jopt-simple\4.6\jopt-simple-4.6.jar;C:\Users\melissa.palmer\.m2\repository\com\github\fge\json-patch\1.6\json-patch-1.6.jar;C:\Users\melissa.palmer\.m2\repository\com\github\fge\jackson-coreutils\1.6\jackson-coreutils-1.6.jar;C:\Users\melissa.palmer\.m2\repository\com\github\fge\msg-simple\1.1\msg-simple-1.1.jar;C:\Users\melissa.palmer\.m2\repository\com\github\fge\btf\1.2\btf-1.2.jar;C:\Users\melissa.palmer\.m2\repository\org\apache\httpcomponents\httpclient\4.5.5\httpclient-4.5.5.jar;C:\Users\melissa.palmer\.m2\repository\org\apache\httpcomponents\httpcore\4.4.9\httpcore-4.4.9.jar;C:\Users\melissa.palmer\.m2\repository\commons-io\commons-io\2.4\commons-io-2.4.jar;C:\Users\melissa.palmer\.m2\repository\io\github\swagger2markup\swagger2markup-spring-restdocs-ext\1.3.3\swagger2markup-spring-restdocs-ext-1.3.3.jar;C:\Users\melissa.palmer\.m2\repository\io\github\swagger2markup\swagger2markup\1.3.3\swagger2markup-1.3.3.jar;C:\Users\melissa.palmer\.m2\repository\io\github\swagger2markup\markup-document-builder\1.1.2\markup-document-builder-1.1.2.jar;C:\Users\melissa.palmer\.m2\repository\commons-codec\commons-codec\1.11\commons-codec-1.11.jar;C:\Users\melissa.palmer\.m2\repository\nl\jworks\markdown_to_asciidoc\markdown_to_asciidoc\1.0\markdown_to_asciidoc-1.0.jar;C:\Users\melissa.palmer\.m2\repository\org\pegdown\pegdown\1.4.2\pegdown-1.4.2.jar;C:\Users\melissa.palmer\.m2\repository\org\parboiled\parboiled-java\1.1.6\parboiled-java-1.1.6.jar;C:\Users\melissa.palmer\.m2\repository\org\parboiled\parboiled-core\1.1.6\parboiled-core-1.1.6.jar;C:\Users\melissa.palmer\.m2\repository\org\ow2\asm\asm-tree\4.1\asm-tree-4.1.jar;C:\Users\melissa.palmer\.m2\repository\org\ow2\asm\asm-analysis\4.1\asm-analysis-4.1.jar;C:\Users\melissa.palmer\.m2\repository\org\ow2\asm\asm-util\4.1\asm-util-4.1.jar;C:\Users\melissa.palmer\.m2\repository\org\jsoup\jsoup\1.8.1\jsoup-1.8.1.jar;C:\Users\melissa.palmer\.m2\repository\org\apache\commons\commons-configuration2\2.1\commons-configuration2-2.1.jar;C:\Users\melissa.palmer\.m2\repository\commons-logging\commons-logging\1.2\commons-logging-1.2.jar;C:\Users\melissa.palmer\.m2\repository\commons-beanutils\commons-beanutils\1.9.2\commons-beanutils-1.9.2.jar;C:\Users\melissa.palmer\.m2\repository\org\apache\commons\commons-collections4\4.1\commons-collections4-4.1.jar;C:\Users\melissa.palmer\.m2\repository\io\vavr\vavr\0.9.1\vavr-0.9.1.jar;C:\Users\melissa.palmer\.m2\repository\io\vavr\vavr-match\0.9.1\vavr-match-0.9.1.jar;C:\Users\melissa.palmer\.m2\repository\ch\netzwerg\paleo-core\0.11.0\paleo-core-0.11.0.jar;C:\Users\melissa.palmer\.m2\repository\io\github\swagger2markup\swagger2markup-extension-commons\1.3.3\swagger2markup-extension-commons-1.3.3.jar;C:\Users\melissa.palmer\.m2\repository\capital\scalable\spring-auto-restdocs-core\2.0.1\spring-auto-restdocs-core-2.0.1.jar;C:\Users\melissa.palmer\.m2\repository\com\fasterxml\jackson\core\jackson-databind\2.9.5\jackson-databind-2.9.5.jar;C:\Users\melissa.palmer\.m2\repository\com\fasterxml\jackson\core\jackson-core\2.9.5\jackson-core-2.9.5.jar;C:\Users\melissa.palmer\.m2\repository\org\apache\commons\commons-lang3\3.7\commons-lang3-3.7.jar;C:\Users\melissa.palmer\.m2\repository\commons-collections\commons-collections\3.2.2\commons-collections-3.2.2.jar;"/>
    <property name="java.vm.vendor" value="Oracle Corporation"/>
    <property name="sun.arch.data.model" value="64"/>
    <property name="user.variant" value=""/>
    <property name="io.springfox.staticdocs.outputDir" value="C:\work\projects\opensource\springboot-restdoc-swagger\target/swagger"/>
    <property name="io.springfox.staticdocs.snippetsOutputDir" value="C:\work\projects\opensource\springboot-restdoc-swagger\target/asciidoc/snippets"/>
    <property name="java.vendor.url" value="http://java.oracle.com/"/>
    <property name="user.timezone" value=""/>
    <property name="java.vm.specification.version" value="1.8"/>
    <property name="os.name" value="Windows 10"/>
    <property name="user.country" value="ZA"/>
    <property name="sun.java.launcher" value="SUN_STANDARD"/>
    <property name="sun.boot.library.path" value="C:\work\installs\Java\jdk1.8.0_101\jre\bin"/>
    <property name="sun.java.command" value="C:\Users\MELISS~1.PAL\AppData\Local\Temp\surefire5734996242699964699\surefirebooter7643458263733243135.jar C:\Users\melissa.palmer\AppData\Local\Temp\surefire5734996242699964699 2018-05-29T21-02-23_111-jvmRun1 surefire7677188894455076170tmp surefire_06683377134818761989tmp"/>
    <property name="surefire.test.class.path" value="C:\work\projects\opensource\springboot-restdoc-swagger\target\test-classes;C:\work\projects\opensource\springboot-restdoc-swagger\target\classes;C:\Users\melissa.palmer\.m2\repository\org\springframework\boot\spring-boot-starter-web\2.0.2.RELEASE\spring-boot-starter-web-2.0.2.RELEASE.jar;C:\Users\melissa.palmer\.m2\repository\org\springframework\boot\spring-boot-starter\2.0.2.RELEASE\spring-boot-starter-2.0.2.RELEASE.jar;C:\Users\melissa.palmer\.m2\repository\org\springframework\boot\spring-boot\2.0.2.RELEASE\spring-boot-2.0.2.RELEASE.jar;C:\Users\melissa.palmer\.m2\repository\org\springframework\boot\spring-boot-autoconfigure\2.0.2.RELEASE\spring-boot-autoconfigure-2.0.2.RELEASE.jar;C:\Users\melissa.palmer\.m2\repository\org\springframework\boot\spring-boot-starter-logging\2.0.2.RELEASE\spring-boot-starter-logging-2.0.2.RELEASE.jar;C:\Users\melissa.palmer\.m2\repository\ch\qos\logback\logback-classic\1.2.3\logback-classic-1.2.3.jar;C:\Users\melissa.palmer\.m2\repository\ch\qos\logback\logback-core\1.2.3\logback-core-1.2.3.jar;C:\Users\melissa.palmer\.m2\repository\org\apache\logging\log4j\log4j-to-slf4j\2.10.0\log4j-to-slf4j-2.10.0.jar;C:\Users\melissa.palmer\.m2\repository\org\apache\logging\log4j\log4j-api\2.10.0\log4j-api-2.10.0.jar;C:\Users\melissa.palmer\.m2\repository\org\slf4j\jul-to-slf4j\1.7.25\jul-to-slf4j-1.7.25.jar;C:\Users\melissa.palmer\.m2\repository\javax\annotation\javax.annotation-api\1.3.2\javax.annotation-api-1.3.2.jar;C:\Users\melissa.palmer\.m2\repository\org\yaml\snakeyaml\1.19\snakeyaml-1.19.jar;C:\Users\melissa.palmer\.m2\repository\org\springframework\boot\spring-boot-starter-json\2.0.2.RELEASE\spring-boot-starter-json-2.0.2.RELEASE.jar;C:\Users\melissa.palmer\.m2\repository\com\fasterxml\jackson\datatype\jackson-datatype-jdk8\2.9.5\jackson-datatype-jdk8-2.9.5.jar;C:\Users\melissa.palmer\.m2\repository\com\fasterxml\jackson\datatype\jackson-datatype-jsr310\2.9.5\jackson-datatype-jsr310-2.9.5.jar;C:\Users\melissa.palmer\.m2\repository\com\fasterxml\jackson\module\jackson-module-parameter-names\2.9.5\jackson-module-parameter-names-2.9.5.jar;C:\Users\melissa.palmer\.m2\repository\org\springframework\boot\spring-boot-starter-tomcat\2.0.2.RELEASE\spring-boot-starter-tomcat-2.0.2.RELEASE.jar;C:\Users\melissa.palmer\.m2\repository\org\apache\tomcat\embed\tomcat-embed-core\8.5.31\tomcat-embed-core-8.5.31.jar;C:\Users\melissa.palmer\.m2\repository\org\apache\tomcat\embed\tomcat-embed-el\8.5.31\tomcat-embed-el-8.5.31.jar;C:\Users\melissa.palmer\.m2\repository\org\apache\tomcat\embed\tomcat-embed-websocket\8.5.31\tomcat-embed-websocket-8.5.31.jar;C:\Users\melissa.palmer\.m2\repository\org\hibernate\validator\hibernate-validator\6.0.9.Final\hibernate-validator-6.0.9.Final.jar;C:\Users\melissa.palmer\.m2\repository\javax\validation\validation-api\2.0.1.Final\validation-api-2.0.1.Final.jar;C:\Users\melissa.palmer\.m2\repository\org\jboss\logging\jboss-logging\3.3.2.Final\jboss-logging-3.3.2.Final.jar;C:\Users\melissa.palmer\.m2\repository\org\springframework\spring-web\5.0.6.RELEASE\spring-web-5.0.6.RELEASE.jar;C:\Users\melissa.palmer\.m2\repository\org\springframework\spring-beans\5.0.6.RELEASE\spring-beans-5.0.6.RELEASE.jar;C:\Users\melissa.palmer\.m2\repository\org\springframework\spring-webmvc\5.0.6.RELEASE\spring-webmvc-5.0.6.RELEASE.jar;C:\Users\melissa.palmer\.m2\repository\org\springframework\spring-aop\5.0.6.RELEASE\spring-aop-5.0.6.RELEASE.jar;C:\Users\melissa.palmer\.m2\repository\org\springframework\spring-context\5.0.6.RELEASE\spring-context-5.0.6.RELEASE.jar;C:\Users\melissa.palmer\.m2\repository\org\springframework\spring-expression\5.0.6.RELEASE\spring-expression-5.0.6.RELEASE.jar;C:\Users\melissa.palmer\.m2\repository\io\springfox\springfox-swagger2\2.8.0\springfox-swagger2-2.8.0.jar;C:\Users\melissa.palmer\.m2\repository\io\swagger\swagger-annotations\1.5.14\swagger-annotations-1.5.14.jar;C:\Users\melissa.palmer\.m2\repository\io\swagger\swagger-models\1.5.14\swagger-models-1.5.14.jar;C:\Users\melissa.palmer\.m2\repository\com\fasterxml\jackson\core\jackson-annotations\2.9.0\jackson-annotations-2.9.0.jar;C:\Users\melissa.palmer\.m2\repository\io\springfox\springfox-spi\2.8.0\springfox-spi-2.8.0.jar;C:\Users\melissa.palmer\.m2\repository\io\springfox\springfox-core\2.8.0\springfox-core-2.8.0.jar;C:\Users\melissa.palmer\.m2\repository\io\springfox\springfox-schema\2.8.0\springfox-schema-2.8.0.jar;C:\Users\melissa.palmer\.m2\repository\io\springfox\springfox-swagger-common\2.8.0\springfox-swagger-common-2.8.0.jar;C:\Users\melissa.palmer\.m2\repository\io\springfox\springfox-spring-web\2.8.0\springfox-spring-web-2.8.0.jar;C:\Users\melissa.palmer\.m2\repository\org\reflections\reflections\0.9.11\reflections-0.9.11.jar;C:\Users\melissa.palmer\.m2\repository\org\javassist\javassist\3.21.0-GA\javassist-3.21.0-GA.jar;C:\Users\melissa.palmer\.m2\repository\com\google\guava\guava\20.0\guava-20.0.jar;C:\Users\melissa.palmer\.m2\repository\com\fasterxml\classmate\1.3.4\classmate-1.3.4.jar;C:\Users\melissa.palmer\.m2\repository\org\slf4j\slf4j-api\1.7.25\slf4j-api-1.7.25.jar;C:\Users\melissa.palmer\.m2\repository\org\springframework\plugin\spring-plugin-core\1.2.0.RELEASE\spring-plugin-core-1.2.0.RELEASE.jar;C:\Users\melissa.palmer\.m2\repository\org\springframework\plugin\spring-plugin-metadata\1.2.0.RELEASE\spring-plugin-metadata-1.2.0.RELEASE.jar;C:\Users\melissa.palmer\.m2\repository\org\mapstruct\mapstruct\1.2.0.Final\mapstruct-1.2.0.Final.jar;C:\Users\melissa.palmer\.m2\repository\io\springfox\springfox-swagger-ui\2.8.0\springfox-swagger-ui-2.8.0.jar;C:\Users\melissa.palmer\.m2\repository\io\springfox\springfox-bean-validators\2.8.0\springfox-bean-validators-2.8.0.jar;C:\Users\melissa.palmer\.m2\repository\org\webjars\swagger-ui\3.10.0\swagger-ui-3.10.0.jar;C:\Users\melissa.palmer\.m2\repository\org\webjars\bower\swagger-ui-themes\3.0.0\swagger-ui-themes-3.0.0.jar;C:\Users\melissa.palmer\.m2\repository\org\springframework\boot\spring-boot-starter-test\2.0.2.RELEASE\spring-boot-starter-test-2.0.2.RELEASE.jar;C:\Users\melissa.palmer\.m2\repository\org\springframework\boot\spring-boot-test\2.0.2.RELEASE\spring-boot-test-2.0.2.RELEASE.jar;C:\Users\melissa.palmer\.m2\repository\org\springframework\boot\spring-boot-test-autoconfigure\2.0.2.RELEASE\spring-boot-test-autoconfigure-2.0.2.RELEASE.jar;C:\Users\melissa.palmer\.m2\repository\com\jayway\jsonpath\json-path\2.4.0\json-path-2.4.0.jar;C:\Users\melissa.palmer\.m2\repository\net\minidev\json-smart\2.3\json-smart-2.3.jar;C:\Users\melissa.palmer\.m2\repository\net\minidev\accessors-smart\1.2\accessors-smart-1.2.jar;C:\Users\melissa.palmer\.m2\repository\org\ow2\asm\asm\5.0.4\asm-5.0.4.jar;C:\Users\melissa.palmer\.m2\repository\junit\junit\4.12\junit-4.12.jar;C:\Users\melissa.palmer\.m2\repository\org\assertj\assertj-core\3.9.1\assertj-core-3.9.1.jar;C:\Users\melissa.palmer\.m2\repository\org\mockito\mockito-core\2.15.0\mockito-core-2.15.0.jar;C:\Users\melissa.palmer\.m2\repository\net\bytebuddy\byte-buddy\1.7.11\byte-buddy-1.7.11.jar;C:\Users\melissa.palmer\.m2\repository\net\bytebuddy\byte-buddy-agent\1.7.11\byte-buddy-agent-1.7.11.jar;C:\Users\melissa.palmer\.m2\repository\org\objenesis\objenesis\2.6\objenesis-2.6.jar;C:\Users\melissa.palmer\.m2\repository\org\hamcrest\hamcrest-core\1.3\hamcrest-core-1.3.jar;C:\Users\melissa.palmer\.m2\repository\org\hamcrest\hamcrest-library\1.3\hamcrest-library-1.3.jar;C:\Users\melissa.palmer\.m2\repository\org\skyscreamer\jsonassert\1.5.0\jsonassert-1.5.0.jar;C:\Users\melissa.palmer\.m2\repository\com\vaadin\external\google\android-json\0.0.20131108.vaadin1\android-json-0.0.20131108.vaadin1.jar;C:\Users\melissa.palmer\.m2\repository\org\springframework\spring-core\5.0.6.RELEASE\spring-core-5.0.6.RELEASE.jar;C:\Users\melissa.palmer\.m2\repository\org\springframework\spring-jcl\5.0.6.RELEASE\spring-jcl-5.0.6.RELEASE.jar;C:\Users\melissa.palmer\.m2\repository\org\springframework\spring-test\5.0.6.RELEASE\spring-test-5.0.6.RELEASE.jar;C:\Users\melissa.palmer\.m2\repository\org\xmlunit\xmlunit-core\2.5.1\xmlunit-core-2.5.1.jar;C:\Users\melissa.palmer\.m2\repository\org\springframework\restdocs\spring-restdocs-mockmvc\2.0.1.RELEASE\spring-restdocs-mockmvc-2.0.1.RELEASE.jar;C:\Users\melissa.palmer\.m2\repository\javax\servlet\javax.servlet-api\3.1.0\javax.servlet-api-3.1.0.jar;C:\Users\melissa.palmer\.m2\repository\org\springframework\restdocs\spring-restdocs-core\2.0.1.RELEASE\spring-restdocs-core-2.0.1.RELEASE.jar;C:\Users\melissa.palmer\.m2\repository\io\springfox\springfox-staticdocs\2.6.1\springfox-staticdocs-2.6.1.jar;C:\Users\melissa.palmer\.m2\repository\io\github\robwin\swagger2markup\0.9.2\swagger2markup-0.9.2.jar;C:\Users\melissa.palmer\.m2\repository\io\github\robwin\markup-document-builder\0.1.5\markup-document-builder-0.1.5.jar;C:\Users\melissa.palmer\.m2\repository\io\swagger\swagger-compat-spec-parser\1.0.13\swagger-compat-spec-parser-1.0.13.jar;C:\Users\melissa.palmer\.m2\repository\io\swagger\swagger-core\1.5.4\swagger-core-1.5.4.jar;C:\Users\melissa.palmer\.m2\repository\com\fasterxml\jackson\datatype\jackson-datatype-joda\2.9.5\jackson-datatype-joda-2.9.5.jar;C:\Users\melissa.palmer\.m2\repository\com\fasterxml\jackson\dataformat\jackson-dataformat-yaml\2.9.5\jackson-dataformat-yaml-2.9.5.jar;C:\Users\melissa.palmer\.m2\repository\io\swagger\swagger-parser\1.0.13\swagger-parser-1.0.13.jar;C:\Users\melissa.palmer\.m2\repository\org\slf4j\slf4j-ext\1.7.25\slf4j-ext-1.7.25.jar;C:\Users\melissa.palmer\.m2\repository\com\github\fge\json-schema-validator\2.2.3\json-schema-validator-2.2.3.jar;C:\Users\melissa.palmer\.m2\repository\joda-time\joda-time\2.9.9\joda-time-2.9.9.jar;C:\Users\melissa.palmer\.m2\repository\com\github\fge\json-schema-core\1.2.1\json-schema-core-1.2.1.jar;C:\Users\melissa.palmer\.m2\repository\com\github\fge\uri-template\0.9\uri-template-0.9.jar;C:\Users\melissa.palmer\.m2\repository\org\mozilla\rhino\1.7R4\rhino-1.7R4.jar;C:\Users\melissa.palmer\.m2\repository\com\googlecode\libphonenumber\libphonenumber\6.0\libphonenumber-6.0.jar;C:\Users\melissa.palmer\.m2\repository\javax\mail\mailapi\1.4.3\mailapi-1.4.3.jar;C:\Users\melissa.palmer\.m2\repository\javax\activation\activation\1.1\activation-1.1.jar;C:\Users\melissa.palmer\.m2\repository\com\google\code\findbugs\jsr305\2.0.1\jsr305-2.0.1.jar;C:\Users\melissa.palmer\.m2\repository\net\sf\jopt-simple\jopt-simple\4.6\jopt-simple-4.6.jar;C:\Users\melissa.palmer\.m2\repository\com\github\fge\json-patch\1.6\json-patch-1.6.jar;C:\Users\melissa.palmer\.m2\repository\com\github\fge\jackson-coreutils\1.6\jackson-coreutils-1.6.jar;C:\Users\melissa.palmer\.m2\repository\com\github\fge\msg-simple\1.1\msg-simple-1.1.jar;C:\Users\melissa.palmer\.m2\repository\com\github\fge\btf\1.2\btf-1.2.jar;C:\Users\melissa.palmer\.m2\repository\org\apache\httpcomponents\httpclient\4.5.5\httpclient-4.5.5.jar;C:\Users\melissa.palmer\.m2\repository\org\apache\httpcomponents\httpcore\4.4.9\httpcore-4.4.9.jar;C:\Users\melissa.palmer\.m2\repository\commons-io\commons-io\2.4\commons-io-2.4.jar;C:\Users\melissa.palmer\.m2\repository\io\github\swagger2markup\swagger2markup-spring-restdocs-ext\1.3.3\swagger2markup-spring-restdocs-ext-1.3.3.jar;C:\Users\melissa.palmer\.m2\repository\io\github\swagger2markup\swagger2markup\1.3.3\swagger2markup-1.3.3.jar;C:\Users\melissa.palmer\.m2\repository\io\github\swagger2markup\markup-document-builder\1.1.2\markup-document-builder-1.1.2.jar;C:\Users\melissa.palmer\.m2\repository\commons-codec\commons-codec\1.11\commons-codec-1.11.jar;C:\Users\melissa.palmer\.m2\repository\nl\jworks\markdown_to_asciidoc\markdown_to_asciidoc\1.0\markdown_to_asciidoc-1.0.jar;C:\Users\melissa.palmer\.m2\repository\org\pegdown\pegdown\1.4.2\pegdown-1.4.2.jar;C:\Users\melissa.palmer\.m2\repository\org\parboiled\parboiled-java\1.1.6\parboiled-java-1.1.6.jar;C:\Users\melissa.palmer\.m2\repository\org\parboiled\parboiled-core\1.1.6\parboiled-core-1.1.6.jar;C:\Users\melissa.palmer\.m2\repository\org\ow2\asm\asm-tree\4.1\asm-tree-4.1.jar;C:\Users\melissa.palmer\.m2\repository\org\ow2\asm\asm-analysis\4.1\asm-analysis-4.1.jar;C:\Users\melissa.palmer\.m2\repository\org\ow2\asm\asm-util\4.1\asm-util-4.1.jar;C:\Users\melissa.palmer\.m2\repository\org\jsoup\jsoup\1.8.1\jsoup-1.8.1.jar;C:\Users\melissa.palmer\.m2\repository\org\apache\commons\commons-configuration2\2.1\commons-configuration2-2.1.jar;C:\Users\melissa.palmer\.m2\repository\commons-logging\commons-logging\1.2\commons-logging-1.2.jar;C:\Users\melissa.palmer\.m2\repository\commons-beanutils\commons-beanutils\1.9.2\commons-beanutils-1.9.2.jar;C:\Users\melissa.palmer\.m2\repository\org\apache\commons\commons-collections4\4.1\commons-collections4-4.1.jar;C:\Users\melissa.palmer\.m2\repository\io\vavr\vavr\0.9.1\vavr-0.9.1.jar;C:\Users\melissa.palmer\.m2\repository\io\vavr\vavr-match\0.9.1\vavr-match-0.9.1.jar;C:\Users\melissa.palmer\.m2\repository\ch\netzwerg\paleo-core\0.11.0\paleo-core-0.11.0.jar;C:\Users\melissa.palmer\.m2\repository\io\github\swagger2markup\swagger2markup-extension-commons\1.3.3\swagger2markup-extension-commons-1.3.3.jar;C:\Users\melissa.palmer\.m2\repository\capital\scalable\spring-auto-restdocs-core\2.0.1\spring-auto-restdocs-core-2.0.1.jar;C:\Users\melissa.palmer\.m2\repository\com\fasterxml\jackson\core\jackson-databind\2.9.5\jackson-databind-2.9.5.jar;C:\Users\melissa.palmer\.m2\repository\com\fasterxml\jackson\core\jackson-core\2.9.5\jackson-core-2.9.5.jar;C:\Users\melissa.palmer\.m2\repository\org\apache\commons\commons-lang3\3.7\commons-lang3-3.7.jar;C:\Users\melissa.palmer\.m2\repository\commons-collections\commons-collections\3.2.2\commons-collections-3.2.2.jar;"/>
    <property name="sun.cpu.endian" value="little"/>
    <property name="user.home" value="C:\Users\melissa.palmer"/>
    <property name="user.language" value="en"/>
    <property name="java.specification.vendor" value="Oracle Corporation"/>
    <property name="java.home" value="C:\work\installs\Java\jdk1.8.0_101\jre"/>
    <property name="basedir" value="C:\work\projects\opensource\springboot-restdoc-swagger"/>
    <property name="file.separator" value="\"/>
    <property name="line.separator" value="&#10;"/>
    <property name="java.vm.specification.vendor" value="Oracle Corporation"/>
    <property name="java.specification.name" value="Java Platform API Specification"/>
    <property name="org.springframework.restdocs.javadocJsonDir" value="C:\work\projects\opensource\springboot-restdoc-swagger\target/generated-javadoc-json"/>
    <property name="java.awt.graphicsenv" value="sun.awt.Win32GraphicsEnvironment"/>
    <property name="surefire.real.class.path" value="C:\Users\MELISS~1.PAL\AppData\Local\Temp\surefire5734996242699964699\surefirebooter7643458263733243135.jar"/>
    <property name="sun.boot.class.path" value="C:\work\installs\Java\jdk1.8.0_101\jre\lib\resources.jar;C:\work\installs\Java\jdk1.8.0_101\jre\lib\rt.jar;C:\work\installs\Java\jdk1.8.0_101\jre\lib\sunrsasign.jar;C:\work\installs\Java\jdk1.8.0_101\jre\lib\jsse.jar;C:\work\installs\Java\jdk1.8.0_101\jre\lib\jce.jar;C:\work\installs\Java\jdk1.8.0_101\jre\lib\charsets.jar;C:\work\installs\Java\jdk1.8.0_101\jre\lib\jfr.jar;C:\work\installs\Java\jdk1.8.0_101\jre\classes"/>
    <property name="user.script" value=""/>
    <property name="sun.management.compiler" value="HotSpot 64-Bit Tiered Compilers"/>
    <property name="java.runtime.version" value="1.8.0_101-b13"/>
    <property name="user.name" value="melissa.palmer"/>
    <property name="path.separator" value=";"/>
    <property name="os.version" value="10.0"/>
    <property name="java.endorsed.dirs" value="C:\work\installs\Java\jdk1.8.0_101\jre\lib\endorsed"/>
    <property name="java.runtime.name" value="Java(TM) SE Runtime Environment"/>
    <property name="file.encoding" value="Cp1252"/>
    <property name="java.vm.name" value="Java HotSpot(TM) 64-Bit Server VM"/>
    <property name="localRepository" value="C:\Users\melissa.palmer\.m2\repository"/>
    <property name="java.vendor.url.bug" value="http://bugreport.sun.com/bugreport/"/>
    <property name="java.io.tmpdir" value="C:\Users\MELISS~1.PAL\AppData\Local\Temp\"/>
    <property name="maven.test.skip" value="false"/>
    <property name="java.version" value="1.8.0_101"/>
    <property name="user.dir" value="C:\work\projects\opensource\springboot-restdoc-swagger"/>
    <property name="os.arch" value="amd64"/>
    <property name="java.vm.specification.name" value="Java Virtual Machine Specification"/>
    <property name="java.awt.printerjob" value="sun.awt.windows.WPrinterJob"/>
    <property name="sun.os.patch.level" value=""/>
    <property name="java.library.path" value="C:\work\installs\Java\jdk1.8.0_101\jre\bin;C:\WINDOWS\Sun\Java\bin;C:\WINDOWS\system32;C:\WINDOWS;C:\WINDOWS\system32;C:\WINDOWS;C:\WINDOWS\System32\Wbem;C:\WINDOWS\System32\WindowsPowerShell\v1.0\;C:\Program Files (x86)\Sennheiser\SoftphoneSDK\;C:\Program Files\dotnet\;C:\Program Files\Microsoft SQL Server\130\Tools\Binn\;C:\Program Files\PuTTY\;C:\Program Files\TortoiseGit\bin;C:\Program Files (x86)\Git\cmd;C:\Program Files (x86)\GitExtensions\;C:\work\installs\Java\jdk1.8.0_101\bin;C:\work\installs\Java\apache-maven-3.3.9\bin;C:\Program Files\nodejs\;C:\Program Files\Intel\WiFi\bin\;C:\Program Files\Common Files\Intel\WirelessCommon\;C:\HashiCorp\Vagrant\bin;C:\Users\melissa.palmer\AppData\Local\Microsoft\WindowsApps;C:\Users\melissa.palmer\AppData\Roaming\npm;;."/>
    <property name="java.vm.info" value="mixed mode"/>
    <property name="java.vendor" value="Oracle Corporation"/>
    <property name="java.vm.version" value="25.101-b13"/>
    <property name="java.ext.dirs" value="C:\work\installs\Java\jdk1.8.0_101\jre\lib\ext;C:\WINDOWS\Sun\Java\lib\ext"/>
    <property name="sun.io.unicode.encoding" value="UnicodeLittle"/>
    <property name="java.class.version" value="52.0"/>
  </properties>
  <testcase name="createSpringfoxSwaggerJson" classname="com.example.docs.SwaggerSetupTest" time="0.462"/>
</testsuite>